This is pdfTeX, Version 3.14159265-2.6-1.40.17 (TeX Live 2016) (preloaded format=pdflatex 2016.5.22)  31 JAN 2017 11:47
entering extended mode
 restricted \write18 enabled.
 %&-line parsing enabled.
**hw-template.tex
(./hw-template.tex
LaTeX2e <2016/03/31>
Babel <3.9r> and hyphenation patterns for 83 language(s) loaded.
(./cs446.tex (/usr/local/texlive/2016/texmf-dist/tex/latex/base/article.cls
Document Class: article 2014/09/29 v1.4h Standard LaTeX document class
(/usr/local/texlive/2016/texmf-dist/tex/latex/base/size12.clo
File: size12.clo 2014/09/29 v1.4h Standard LaTeX file (size option)
)
\c@part=\count79
\c@section=\count80
\c@subsection=\count81
\c@subsubsection=\count82
\c@paragraph=\count83
\c@subparagraph=\count84
\c@figure=\count85
\c@table=\count86
\abovecaptionskip=\skip41
\belowcaptionskip=\skip42
\bibindent=\dimen102
)
\c@theorem=\count87
\c@corollary=\count88
\c@lemma=\count89
\c@claim=\count90
\c@fact=\count91
\c@definition=\count92
\c@assumption=\count93
\c@observation=\count94
\c@example=\count95
)
(/usr/local/texlive/2016/texmf-dist/tex/latex/graphics/graphicx.sty
Package: graphicx 2014/10/28 v1.0g Enhanced LaTeX Graphics (DPC,SPQR)

(/usr/local/texlive/2016/texmf-dist/tex/latex/graphics/keyval.sty
Package: keyval 2014/10/28 v1.15 key=value parser (DPC)
\KV@toks@=\toks14
)
(/usr/local/texlive/2016/texmf-dist/tex/latex/graphics/graphics.sty
Package: graphics 2016/05/09 v1.0r Standard LaTeX Graphics (DPC,SPQR)

(/usr/local/texlive/2016/texmf-dist/tex/latex/graphics/trig.sty
Package: trig 2016/01/03 v1.10 sin cos tan (DPC)
)
(/usr/local/texlive/2016/texmf-dist/tex/latex/graphics-cfg/graphics.cfg
File: graphics.cfg 2016/01/02 v1.10 sample graphics configuration
)
Package graphics Info: Driver file: pdftex.def on input line 96.

(/usr/local/texlive/2016/texmf-dist/tex/latex/pdftex-def/pdftex.def
File: pdftex.def 2011/05/27 v0.06d Graphics/color for pdfTeX

(/usr/local/texlive/2016/texmf-dist/tex/generic/oberdiek/infwarerr.sty
Package: infwarerr 2016/05/16 v1.4 Providing info/warning/error messages (HO)
)
(/usr/local/texlive/2016/texmf-dist/tex/generic/oberdiek/ltxcmds.sty
Package: ltxcmds 2016/05/16 v1.23 LaTeX kernel commands for general use (HO)
)
\Gread@gobject=\count96
))
\Gin@req@height=\dimen103
\Gin@req@width=\dimen104
)

LaTeX Warning: Unused global option(s):
    [fullpage].

(./hw-template.aux)
\openout1 = `hw-template.aux'.

LaTeX Font Info:    Checking defaults for OML/cmm/m/it on input line 10.
LaTeX Font Info:    ... okay on input line 10.
LaTeX Font Info:    Checking defaults for T1/cmr/m/n on input line 10.
LaTeX Font Info:    ... okay on input line 10.
LaTeX Font Info:    Checking defaults for OT1/cmr/m/n on input line 10.
LaTeX Font Info:    ... okay on input line 10.
LaTeX Font Info:    Checking defaults for OMS/cmsy/m/n on input line 10.
LaTeX Font Info:    ... okay on input line 10.
LaTeX Font Info:    Checking defaults for OMX/cmex/m/n on input line 10.
LaTeX Font Info:    ... okay on input line 10.
LaTeX Font Info:    Checking defaults for U/cmr/m/n on input line 10.
LaTeX Font Info:    ... okay on input line 10.

(/usr/local/texlive/2016/texmf-dist/tex/context/base/mkii/supp-pdf.mkii
[Loading MPS to PDF converter (version 2006.09.02).]
\scratchcounter=\count97
\scratchdimen=\dimen105
\scratchbox=\box26
\nofMPsegments=\count98
\nofMParguments=\count99
\everyMPshowfont=\toks15
\MPscratchCnt=\count100
\MPscratchDim=\dimen106
\MPnumerator=\count101
\makeMPintoPDFobject=\count102
\everyMPtoPDFconversion=\toks16
) (/usr/local/texlive/2016/texmf-dist/tex/generic/oberdiek/pdftexcmds.sty
Package: pdftexcmds 2016/05/10 v0.21 Utility functions of pdfTeX for LuaTeX (HO
)

(/usr/local/texlive/2016/texmf-dist/tex/generic/oberdiek/ifluatex.sty
Package: ifluatex 2016/05/16 v1.4 Provides the ifluatex switch (HO)
Package ifluatex Info: LuaTeX not detected.
)
(/usr/local/texlive/2016/texmf-dist/tex/generic/oberdiek/ifpdf.sty
Package: ifpdf 2016/05/14 v3.1 Provides the ifpdf switch
)
Package pdftexcmds Info: LuaTeX not detected.
Package pdftexcmds Info: \pdf@primitive is available.
Package pdftexcmds Info: \pdf@ifprimitive is available.
Package pdftexcmds Info: \pdfdraftmode found.
)
(/usr/local/texlive/2016/texmf-dist/tex/latex/oberdiek/epstopdf-base.sty
Package: epstopdf-base 2016/05/15 v2.6 Base part for package epstopdf

(/usr/local/texlive/2016/texmf-dist/tex/latex/oberdiek/grfext.sty
Package: grfext 2016/05/16 v1.2 Manage graphics extensions (HO)

(/usr/local/texlive/2016/texmf-dist/tex/generic/oberdiek/kvdefinekeys.sty
Package: kvdefinekeys 2016/05/16 v1.4 Define keys (HO)
))
(/usr/local/texlive/2016/texmf-dist/tex/latex/oberdiek/kvoptions.sty
Package: kvoptions 2016/05/16 v3.12 Key value format for package options (HO)

(/usr/local/texlive/2016/texmf-dist/tex/generic/oberdiek/kvsetkeys.sty
Package: kvsetkeys 2016/05/16 v1.17 Key value parser (HO)

(/usr/local/texlive/2016/texmf-dist/tex/generic/oberdiek/etexcmds.sty
Package: etexcmds 2016/05/16 v1.6 Avoid name clashes with e-TeX commands (HO)
Package etexcmds Info: Could not find \expanded.
(etexcmds)             That can mean that you are not using pdfTeX 1.50 or
(etexcmds)             that some package has redefined \expanded.
(etexcmds)             In the latter case, load this package earlier.
)))
Package grfext Info: Graphics extension search list:
(grfext)             [.png,.pdf,.jpg,.mps,.jpeg,.jbig2,.jb2,.PNG,.PDF,.JPG,.JPE
G,.JBIG2,.JB2,.eps]
(grfext)             \AppendGraphicsExtensions on input line 456.

(/usr/local/texlive/2016/texmf-dist/tex/latex/latexconfig/epstopdf-sys.cfg
File: epstopdf-sys.cfg 2010/07/13 v1.3 Configuration of (r)epstopdf for TeX Liv
e
))
Underfull \hbox (badness 10000) detected at line 12
 []
 []

LaTeX Font Info:    External font `cmex10' loaded for size
(Font)              <12> on input line 25.
LaTeX Font Info:    External font `cmex10' loaded for size
(Font)              <8> on input line 25.
LaTeX Font Info:    External font `cmex10' loaded for size
(Font)              <6> on input line 25.

Underfull \hbox (badness 10000) in paragraph at lines 21--41

 []

[1

{/usr/local/texlive/2016/texmf-var/fonts/map/pdftex/updmap/pdftex.map}]
Underfull \hbox (badness 10000) in paragraph at lines 43--44

 []

[2]
Underfull \hbox (badness 10000) in paragraph at lines 79--81

 []

[3]
Underfull \hbox (badness 10000) in paragraph at lines 86--92

 []


Underfull \hbox (badness 10000) in paragraph at lines 86--92

 []


Underfull \hbox (badness 10000) in paragraph at lines 101--103

 []

[4] <pic/findLinearDiscriminant.png, id=26, 644.4075pt x 439.6425pt>
File: pic/findLinearDiscriminant.png Graphic file (type png)

<use pic/findLinearDiscriminant.png>
Package pdftex.def Info: pic/findLinearDiscriminant.png used on input line 117.

(pdftex.def)             Requested size: 386.64748pt x 263.78752pt.

Underfull \hbox (badness 10000) in paragraph at lines 113--118

 []


Underfull \hbox (badness 10000) in paragraph at lines 113--118

 []

<pic/hw1sample2d.png, id=28, 1124.2pt x 843.15pt>
File: pic/hw1sample2d.png Graphic file (type png)
 <use pic/hw1sample2d.png>
Package pdftex.def Info: pic/hw1sample2d.png used on input line 124.
(pdftex.def)             Requested size: 337.2626pt x 252.94695pt.

<pic/plot2dSeparator.png, id=29, 585.18625pt x 147.55125pt>
File: pic/plot2dSeparator.png Graphic file (type png)

<use pic/plot2dSeparator.png>
Package pdftex.def Info: pic/plot2dSeparator.png used on input line 126.
(pdftex.def)             Requested size: 468.14963pt x 118.04114pt.

Overfull \hbox (53.61902pt too wide) in paragraph at lines 118--128
[] 
 []


Underfull \hbox (badness 10000) in paragraph at lines 118--128

 []

[5 <./pic/findLinearDiscriminant.png>]
Overfull \hbox (60.45105pt too wide) detected at line 128
\OML/cmm/m/it/12 w \OT1/cmr/m/n/12 = [2\OML/cmm/m/it/12 :\OT1/cmr/m/n/12 9104\O
ML/cmm/m/it/12 ; \OMS/cmsy/m/n/12 ^^@\OT1/cmr/m/n/12 2\OML/cmm/m/it/12 :\OT1/cm
r/m/n/12 0498\OML/cmm/m/it/12 ; \OT1/cmr/m/n/12 0\OML/cmm/m/it/12 :\OT1/cmr/m/n
/12 1775\OML/cmm/m/it/12 ; \OT1/cmr/m/n/12 190\OML/cmm/m/it/12 :\OT1/cmr/m/n/12
 5196\OML/cmm/m/it/12 ; \OT1/cmr/m/n/12 0\OML/cmm/m/it/12 :\OT1/cmr/m/n/12 1399
\OML/cmm/m/it/12 ; \OMS/cmsy/m/n/12 ^^@\OT1/cmr/m/n/12 3\OML/cmm/m/it/12 :\OT1/
cmr/m/n/12 1010\OML/cmm/m/it/12 ; \OMS/cmsy/m/n/12 ^^@\OT1/cmr/m/n/12 2\OML/cmm
/m/it/12 :\OT1/cmr/m/n/12 9534\OML/cmm/m/it/12 ; \OMS/cmsy/m/n/12 ^^@\OT1/cmr/m
/n/12 193\OML/cmm/m/it/12 :\OT1/cmr/m/n/12 2778\OML/cmm/m/it/12 ; \OT1/cmr/m/n/
12 1\OML/cmm/m/it/12 :\OT1/cmr/m/n/12 1679\OML/cmm/m/it/12 ; \OMS/cmsy/m/n/12 ^
^@\OT1/cmr/m/n/12 8\OML/cmm/m/it/12 :\OT1/cmr/m/n/12 8942]
 []


Underfull \hbox (badness 10000) in paragraph at lines 130--133

 []

<pic/computeLabels.png, id=34, 405.515pt x 110.4125pt>
File: pic/computeLabels.png Graphic file (type png)

<use pic/computeLabels.png>
Package pdftex.def Info: pic/computeLabels.png used on input line 134.
(pdftex.def)             Requested size: 324.41243pt x 88.33011pt.
 <pic/learnBadages.png, id=35, 1124.2pt x 843.15pt>
File: pic/learnBadages.png Graphic file (type png)

<use pic/learnBadages.png>
Package pdftex.def Info: pic/learnBadages.png used on input line 136.
(pdftex.def)             Requested size: 337.2626pt x 252.94695pt.
 <pic/LearnBadages2.png, id=36, 1124.2pt x 843.15pt>
File: pic/LearnBadages2.png Graphic file (type png)

<use pic/LearnBadages2.png>
Package pdftex.def Info: pic/LearnBadages2.png used on input line 140.
(pdftex.def)             Requested size: 337.2626pt x 252.94695pt.

Underfull \hbox (badness 10000) in paragraph at lines 133--143

 []


Underfull \hbox (badness 10000) in paragraph at lines 133--143

 []


Overfull \hbox (6.16833pt too wide) in paragraph at lines 133--143
\OT1/cmr/bx/n/12 After al-pha-bat is changed to BCDE-FGHI-JKLMNOPQRSTU-VWXYZ[]_
-
 []


Underfull \hbox (badness 10000) in paragraph at lines 133--143

 []


Underfull \hbox (badness 10000) in paragraph at lines 133--143

 []

[6 <./pic/hw1sample2d.png (PNG copy)> <./pic/plot2dSeparator.png>] [7 <./pic/co
mputeLabels.png> <./pic/learnBadages.png (PNG copy)>]
<pic/findLinearThreshod.png, id=47, 687.56876pt x 402.50375pt>
File: pic/findLinearThreshod.png Graphic file (type png)

<use pic/findLinearThreshod.png>
Package pdftex.def Info: pic/findLinearThreshod.png used on input line 144.
(pdftex.def)             Requested size: 412.54443pt x 241.5041pt.

<pic/learnMultipleHyperplanes.png, id=48, 1124.2pt x 843.15pt>
File: pic/learnMultipleHyperplanes.png Graphic file (type png)

<use pic/learnMultipleHyperplanes.png>
Package pdftex.def Info: pic/learnMultipleHyperplanes.png used on input line 14
6.
(pdftex.def)             Requested size: 337.2626pt x 252.94695pt.
 [8 <./pic/LearnBadages2.png (PNG copy)> <./pic/findLinearThreshod.png>]
Underfull \hbox (badness 10000) in paragraph at lines 150--155

 []


Underfull \hbox (badness 10000) in paragraph at lines 150--155

 []

[9 <./pic/learnMultipleHyperplanes.png (PNG copy)>] (./hw-template.aux) ) 
Here is how much of TeX's memory you used:
 1594 strings out of 493014
 23181 string characters out of 6133351
 83954 words of memory out of 5000000
 5134 multiletter control sequences out of 15000+600000
 7680 words of font info for 27 fonts, out of 8000000 for 9000
 1141 hyphenation exceptions out of 8191
 37i,5n,23p,855b,269s stack positions out of 5000i,500n,10000p,200000b,80000s
</usr/
local/texlive/2016/texmf-dist/fonts/type1/public/amsfonts/cm/cmbx12.pfb></usr/l
ocal/texlive/2016/texmf-dist/fonts/type1/public/amsfonts/cm/cmex10.pfb></usr/lo
cal/texlive/2016/texmf-dist/fonts/type1/public/amsfonts/cm/cmmi12.pfb></usr/loc
al/texlive/2016/texmf-dist/fonts/type1/public/amsfonts/cm/cmmi6.pfb></usr/local
/texlive/2016/texmf-dist/fonts/type1/public/amsfonts/cm/cmmi8.pfb></usr/local/t
exlive/2016/texmf-dist/fonts/type1/public/amsfonts/cm/cmr12.pfb></usr/local/tex
live/2016/texmf-dist/fonts/type1/public/amsfonts/cm/cmr6.pfb></usr/local/texliv
e/2016/texmf-dist/fonts/type1/public/amsfonts/cm/cmr8.pfb></usr/local/texlive/2
016/texmf-dist/fonts/type1/public/amsfonts/cm/cmsl12.pfb></usr/local/texlive/20
16/texmf-dist/fonts/type1/public/amsfonts/cm/cmsy10.pfb></usr/local/texlive/201
6/texmf-dist/fonts/type1/public/amsfonts/cm/cmsy8.pfb></usr/local/texlive/2016/
texmf-dist/fonts/type1/public/amsfonts/cm/cmti12.pfb>
Output written on hw-template.pdf (9 pages, 488592 bytes).
PDF statistics:
 95 PDF objects out of 1000 (max. 8388607)
 59 compressed objects within 1 object stream
 0 named destinations out of 1000 (max. 500000)
 41 words of extra memory for PDF output out of 10000 (max. 10000000)

